<?xml version="1.0" encoding="UTF-8"?>
<!-- Generated by org.testng.reporters.JUnitReportReporter -->
<testsuite skipped="0" hostname="W1013WDSQ2" name="stepdefinitions.RunParallel" tests="15" failures="0" timestamp="29 Oct 2020 16:39:43 GMT" time="48.164" errors="0">
  <testcase name="runScenario" time="3.309" classname="stepdefinitions.RunParallel"/>
  <testcase name="runScenario" time="3.016" classname="stepdefinitions.RunParallel"/>
  <testcase name="runScenario" time="3.314" classname="stepdefinitions.RunParallel"/>
  <testcase name="runScenario" time="3.316" classname="stepdefinitions.RunParallel"/>
  <testcase name="runScenario" time="3.011" classname="stepdefinitions.RunParallel"/>
  <testcase name="runScenario" time="3.310" classname="stepdefinitions.RunParallel"/>
  <testcase name="runScenario" time="3.011" classname="stepdefinitions.RunParallel"/>
  <testcase name="runScenario" time="3.309" classname="stepdefinitions.RunParallel"/>
  <testcase name="runScenario" time="3.310" classname="stepdefinitions.RunParallel"/>
  <testcase name="runScenario" time="3.308" classname="stepdefinitions.RunParallel"/>
  <testcase name="runScenario" time="3.309" classname="stepdefinitions.RunParallel"/>
  <testcase name="runScenario" time="3.008" classname="stepdefinitions.RunParallel"/>
  <testcase name="runScenario" time="3.309" classname="stepdefinitions.RunParallel"/>
  <testcase name="runScenario" time="3.309" classname="stepdefinitions.RunParallel"/>
  <testcase name="runScenario" time="3.015" classname="stepdefinitions.RunParallel"/>
</testsuite> <!-- stepdefinitions.RunParallel -->
